{"level":"error","message":"Error generating soil story: Request failed with status code 401","service":"soil-song-api","timestamp":"2025-05-02 23:28:58"}
{"level":"error","message":"Error in generateStory controller: Failed to generate soil story: Request failed with status code 401","service":"soil-song-api","timestamp":"2025-05-02 23:28:58"}
{"level":"error","message":"Error generating soil story: Request failed with status code 401","service":"soil-song-api","timestamp":"2025-05-02 23:29:51"}
{"level":"error","message":"Error in generateStory controller: Failed to generate soil story: Request failed with status code 401","service":"soil-song-api","timestamp":"2025-05-02 23:29:51"}
{"level":"error","message":"Error generating soil story: Request failed with status code 401","service":"soil-song-api","timestamp":"2025-05-02 23:30:07"}
{"level":"error","message":"Error in generateStory controller: Failed to generate soil story: Request failed with status code 401","service":"soil-song-api","timestamp":"2025-05-02 23:30:07"}
{"level":"error","message":"Error: The CORS policy for this site does not allow access from the specified origin.","service":"soil-song-api","timestamp":"2025-05-02 23:41:25"}
{"level":"error","message":"Error: The CORS policy for this site does not allow access from the specified origin.\n    at origin (/Users/abhijatsarari/Downloads/new_hack/soil-song-backend/src/index.js:43:23)\n    at /Users/abhijatsarari/Downloads/new_hack/soil-song-backend/node_modules/cors/lib/index.js:219:13\n    at optionsCallback (/Users/abhijatsarari/Downloads/new_hack/soil-song-backend/node_modules/cors/lib/index.js:199:9)\n    at corsMiddleware (/Users/abhijatsarari/Downloads/new_hack/soil-song-backend/node_modules/cors/lib/index.js:204:7)\n    at Layer.handleRequest (/Users/abhijatsarari/Downloads/new_hack/soil-song-backend/node_modules/router/lib/layer.js:152:17)\n    at trimPrefix (/Users/abhijatsarari/Downloads/new_hack/soil-song-backend/node_modules/router/index.js:342:13)\n    at /Users/abhijatsarari/Downloads/new_hack/soil-song-backend/node_modules/router/index.js:297:9\n    at processParams (/Users/abhijatsarari/Downloads/new_hack/soil-song-backend/node_modules/router/index.js:582:12)\n    at next (/Users/abhijatsarari/Downloads/new_hack/soil-song-backend/node_modules/router/index.js:291:5)\n    at internalNext (/Users/abhijatsarari/Downloads/new_hack/soil-song-backend/node_modules/helmet/index.cjs:531:6)","service":"soil-song-api","timestamp":"2025-05-02 23:41:25"}
{"level":"error","message":"Error: The CORS policy for this site does not allow access from the specified origin.","service":"soil-song-api","timestamp":"2025-05-02 23:41:27"}
{"level":"error","message":"Error: The CORS policy for this site does not allow access from the specified origin.\n    at origin (/Users/abhijatsarari/Downloads/new_hack/soil-song-backend/src/index.js:43:23)\n    at /Users/abhijatsarari/Downloads/new_hack/soil-song-backend/node_modules/cors/lib/index.js:219:13\n    at optionsCallback (/Users/abhijatsarari/Downloads/new_hack/soil-song-backend/node_modules/cors/lib/index.js:199:9)\n    at corsMiddleware (/Users/abhijatsarari/Downloads/new_hack/soil-song-backend/node_modules/cors/lib/index.js:204:7)\n    at Layer.handleRequest (/Users/abhijatsarari/Downloads/new_hack/soil-song-backend/node_modules/router/lib/layer.js:152:17)\n    at trimPrefix (/Users/abhijatsarari/Downloads/new_hack/soil-song-backend/node_modules/router/index.js:342:13)\n    at /Users/abhijatsarari/Downloads/new_hack/soil-song-backend/node_modules/router/index.js:297:9\n    at processParams (/Users/abhijatsarari/Downloads/new_hack/soil-song-backend/node_modules/router/index.js:582:12)\n    at next (/Users/abhijatsarari/Downloads/new_hack/soil-song-backend/node_modules/router/index.js:291:5)\n    at internalNext (/Users/abhijatsarari/Downloads/new_hack/soil-song-backend/node_modules/helmet/index.cjs:531:6)","service":"soil-song-api","timestamp":"2025-05-02 23:41:27"}
{"level":"error","message":"Error: The CORS policy for this site does not allow access from the specified origin.","service":"soil-song-api","timestamp":"2025-05-02 23:41:28"}
{"level":"error","message":"Error: The CORS policy for this site does not allow access from the specified origin.\n    at origin (/Users/abhijatsarari/Downloads/new_hack/soil-song-backend/src/index.js:43:23)\n    at /Users/abhijatsarari/Downloads/new_hack/soil-song-backend/node_modules/cors/lib/index.js:219:13\n    at optionsCallback (/Users/abhijatsarari/Downloads/new_hack/soil-song-backend/node_modules/cors/lib/index.js:199:9)\n    at corsMiddleware (/Users/abhijatsarari/Downloads/new_hack/soil-song-backend/node_modules/cors/lib/index.js:204:7)\n    at Layer.handleRequest (/Users/abhijatsarari/Downloads/new_hack/soil-song-backend/node_modules/router/lib/layer.js:152:17)\n    at trimPrefix (/Users/abhijatsarari/Downloads/new_hack/soil-song-backend/node_modules/router/index.js:342:13)\n    at /Users/abhijatsarari/Downloads/new_hack/soil-song-backend/node_modules/router/index.js:297:9\n    at processParams (/Users/abhijatsarari/Downloads/new_hack/soil-song-backend/node_modules/router/index.js:582:12)\n    at next (/Users/abhijatsarari/Downloads/new_hack/soil-song-backend/node_modules/router/index.js:291:5)\n    at internalNext (/Users/abhijatsarari/Downloads/new_hack/soil-song-backend/node_modules/helmet/index.cjs:531:6)","service":"soil-song-api","timestamp":"2025-05-02 23:41:28"}
{"level":"error","message":"Error: The CORS policy for this site does not allow access from the specified origin.","service":"soil-song-api","timestamp":"2025-05-02 23:41:28"}
{"level":"error","message":"Error: The CORS policy for this site does not allow access from the specified origin.\n    at origin (/Users/abhijatsarari/Downloads/new_hack/soil-song-backend/src/index.js:43:23)\n    at /Users/abhijatsarari/Downloads/new_hack/soil-song-backend/node_modules/cors/lib/index.js:219:13\n    at optionsCallback (/Users/abhijatsarari/Downloads/new_hack/soil-song-backend/node_modules/cors/lib/index.js:199:9)\n    at corsMiddleware (/Users/abhijatsarari/Downloads/new_hack/soil-song-backend/node_modules/cors/lib/index.js:204:7)\n    at Layer.handleRequest (/Users/abhijatsarari/Downloads/new_hack/soil-song-backend/node_modules/router/lib/layer.js:152:17)\n    at trimPrefix (/Users/abhijatsarari/Downloads/new_hack/soil-song-backend/node_modules/router/index.js:342:13)\n    at /Users/abhijatsarari/Downloads/new_hack/soil-song-backend/node_modules/router/index.js:297:9\n    at processParams (/Users/abhijatsarari/Downloads/new_hack/soil-song-backend/node_modules/router/index.js:582:12)\n    at next (/Users/abhijatsarari/Downloads/new_hack/soil-song-backend/node_modules/router/index.js:291:5)\n    at internalNext (/Users/abhijatsarari/Downloads/new_hack/soil-song-backend/node_modules/helmet/index.cjs:531:6)","service":"soil-song-api","timestamp":"2025-05-02 23:41:28"}

{"level":"error","message":"Error generating audio: text length (219) should be less than 200 characters. Try \"getAllAudioUrls(text, [option])\" for long text.","service":"soil-song-api","timestamp":"2025-05-02 23:43:53"}
{"level":"error","message":"Error in generateStory controller: Failed to generate audio: text length (219) should be less than 200 characters. Try \"getAllAudioUrls(text, [option])\" for long text.","service":"soil-song-api","timestamp":"2025-05-02 23:43:53"}
{"level":"error","message":"Error generating audio: text length (219) should be less than 200 characters. Try \"getAllAudioUrls(text, [option])\" for long text.","service":"soil-song-api","timestamp":"2025-05-02 23:43:58"}
{"level":"error","message":"Error in generateStory controller: Failed to generate audio: text length (219) should be less than 200 characters. Try \"getAllAudioUrls(text, [option])\" for long text.","service":"soil-song-api","timestamp":"2025-05-02 23:43:58"}
{"level":"error","message":"Error generating audio: text length (219) should be less than 200 characters. Try \"getAllAudioUrls(text, [option])\" for long text.","service":"soil-song-api","timestamp":"2025-05-03 01:27:46"}
{"level":"error","message":"Error in generateStory controller: Failed to generate audio: text length (219) should be less than 200 characters. Try \"getAllAudioUrls(text, [option])\" for long text.","service":"soil-song-api","timestamp":"2025-05-03 01:27:46"}
{"level":"error","message":"Error generating audio: text length (219) should be less than 200 characters. Try \"getAllAudioUrls(text, [option])\" for long text.","service":"soil-song-api","timestamp":"2025-05-03 01:28:40"}
{"level":"error","message":"Error in generateStory controller: Failed to generate audio: text length (219) should be less than 200 characters. Try \"getAllAudioUrls(text, [option])\" for long text.","service":"soil-song-api","timestamp":"2025-05-03 01:28:40"}
{"level":"error","message":"Error during ffmpeg processing: Cannot find ffprobe","service":"soil-song-api","timestamp":"2025-05-03 01:30:43"}
{"level":"error","message":"Error generating audio: Cannot find ffprobe","service":"soil-song-api","timestamp":"2025-05-03 01:30:43"}
{"level":"error","message":"Error in generateStory controller: Failed to generate audio: Cannot find ffprobe","service":"soil-song-api","timestamp":"2025-05-03 01:30:43"}
{"level":"error","message":"Error generating soil story: Non-200 response: 401 Unauthorized","service":"soil-song-api","timestamp":"2025-05-03 02:43:19"}
{"level":"error","message":"Error in generateStory controller: Failed to generate soil story: Non-200 response: 401 Unauthorized","service":"soil-song-api","timestamp":"2025-05-03 02:43:19"}
{"level":"error","message":"Error generating soil story: Non-200 response: 401 Unauthorized","service":"soil-song-api","timestamp":"2025-05-03 02:44:11"}
{"level":"error","message":"Error in generateStory controller: Failed to generate soil story: Non-200 response: 401 Unauthorized","service":"soil-song-api","timestamp":"2025-05-03 02:44:11"}
{"level":"error","message":"Error generating soil story: Non-200 response: 401 Unauthorized","service":"soil-song-api","timestamp":"2025-05-03 02:45:01"}
{"level":"error","message":"Error in generateStory controller: Failed to generate soil story: Non-200 response: 401 Unauthorized","service":"soil-song-api","timestamp":"2025-05-03 02:45:01"}
{"level":"error","message":"Error generating soil story: Non-200 response: 401 Unauthorized","service":"soil-song-api","timestamp":"2025-05-03 02:45:50"}
{"level":"error","message":"Error in generateStory controller: Failed to generate soil story: Non-200 response: 401 Unauthorized","service":"soil-song-api","timestamp":"2025-05-03 02:45:50"}
{"level":"error","message":"Error generating soil story: Non-200 response: 401 Unauthorized","service":"soil-song-api","timestamp":"2025-05-03 02:45:55"}
{"level":"error","message":"Error in generateStory controller: Failed to generate soil story: Non-200 response: 401 Unauthorized","service":"soil-song-api","timestamp":"2025-05-03 02:45:55"}
{"level":"error","message":"Error generating soil story: Non-200 response: 401 Unauthorized","service":"soil-song-api","timestamp":"2025-05-03 02:47:54"}
{"level":"error","message":"Error in generateStory controller: Failed to generate soil story: Non-200 response: 401 Unauthorized","service":"soil-song-api","timestamp":"2025-05-03 02:47:54"}
{"level":"error","message":"Error generating soil story: Non-200 response: 401 Unauthorized","service":"soil-song-api","timestamp":"2025-05-03 02:58:30"}
{"level":"error","message":"Error in generateStory controller: Failed to generate soil story: Non-200 response: 401 Unauthorized","service":"soil-song-api","timestamp":"2025-05-03 02:58:30"}
{"level":"error","message":"Error generating soil story: Non-200 response: 401 Unauthorized","service":"soil-song-api","timestamp":"2025-05-03 03:12:03"}
{"level":"error","message":"Error in generateStory controller: Failed to generate soil story: Non-200 response: 401 Unauthorized","service":"soil-song-api","timestamp":"2025-05-03 03:12:03"}
{"level":"error","message":"Error generating soil story: Non-200 response: 401 Unauthorized","service":"soil-song-api","timestamp":"2025-05-03 03:12:06"}
{"level":"error","message":"Error in generateStory controller: Failed to generate soil story: Non-200 response: 401 Unauthorized","service":"soil-song-api","timestamp":"2025-05-03 03:12:06"}
{"level":"error","message":"Error generating soil story: Non-200 response: 401 Unauthorized","service":"soil-song-api","timestamp":"2025-05-03 03:18:26"}
{"level":"error","message":"Error in generateStory controller: Failed to generate soil story: Non-200 response: 401 Unauthorized","service":"soil-song-api","timestamp":"2025-05-03 03:18:26"}
{"level":"error","message":"Error generating soil story: Non-200 response: 401 Unauthorized","service":"soil-song-api","timestamp":"2025-05-03 03:23:05"}
{"level":"error","message":"Error in generateStory controller: Failed to generate soil story: Non-200 response: 401 Unauthorized","service":"soil-song-api","timestamp":"2025-05-03 03:23:05"}
{"level":"error","message":"Error generating soil story: Non-200 response: 401 Unauthorized","service":"soil-song-api","timestamp":"2025-05-03 03:23:17"}
{"level":"error","message":"Error in generateStory controller: Failed to generate soil story: Non-200 response: 401 Unauthorized","service":"soil-song-api","timestamp":"2025-05-03 03:23:17"}
{"level":"error","message":"Error generating soil story: Non-200 response: 401 Unauthorized","service":"soil-song-api","timestamp":"2025-05-03 03:24:08"}
{"level":"error","message":"Error in generateStory controller: Failed to generate soil story: Non-200 response: 401 Unauthorized","service":"soil-song-api","timestamp":"2025-05-03 03:24:08"}
{"level":"error","message":"Error generating soil story: Non-200 response: 401 Unauthorized","service":"soil-song-api","timestamp":"2025-05-03 03:29:21"}
{"level":"error","message":"Error in generateStory controller: Failed to generate soil story: Non-200 response: 401 Unauthorized","service":"soil-song-api","timestamp":"2025-05-03 03:29:21"}
{"level":"error","message":"Error generating soil story: Non-200 response: 401 Unauthorized","service":"soil-song-api","timestamp":"2025-05-03 03:30:44"}
{"level":"error","message":"Error in generateStory controller: Failed to generate soil story: Non-200 response: 401 Unauthorized","service":"soil-song-api","timestamp":"2025-05-03 03:30:44"}
{"level":"error","message":"Error generating soil story: Non-200 response: 401 Unauthorized","service":"soil-song-api","timestamp":"2025-05-03 03:39:03"}
{"level":"error","message":"Error in generateStory controller: Failed to generate soil story: Non-200 response: 401 Unauthorized","service":"soil-song-api","timestamp":"2025-05-03 03:39:03"}
{"level":"error","message":"Error parsing the generated soil story JSON: Could not find valid JSON in the generated text","service":"soil-song-api","timestamp":"2025-05-03 03:58:28"}
{"level":"error","message":"Raw generated text: \n\n","service":"soil-song-api","timestamp":"2025-05-03 03:58:28"}
{"level":"error","message":"Error generating soil story: Failed to parse the generated soil story","service":"soil-song-api","timestamp":"2025-05-03 03:58:28"}
{"level":"error","message":"Error in generateStory controller: Failed to generate soil story: Failed to parse the generated soil story","service":"soil-song-api","timestamp":"2025-05-03 03:58:28"}
{"level":"error","message":"Error parsing the generated soil story JSON: Could not find valid JSON in the generated text","service":"soil-song-api","timestamp":"2025-05-03 03:58:45"}
{"level":"error","message":"Raw generated text: \n\n","service":"soil-song-api","timestamp":"2025-05-03 03:58:45"}
{"level":"error","message":"Error generating soil story: Failed to parse the generated soil story","service":"soil-song-api","timestamp":"2025-05-03 03:58:45"}
{"level":"error","message":"Error in generateStory controller: Failed to generate soil story: Failed to parse the generated soil story","service":"soil-song-api","timestamp":"2025-05-03 03:58:45"}
{"level":"error","message":"Error parsing the generated soil story JSON: Could not find valid JSON in the generated text","service":"soil-song-api","timestamp":"2025-05-03 04:01:01"}
{"level":"error","message":"Raw generated text: \n\n","service":"soil-song-api","timestamp":"2025-05-03 04:01:01"}
{"level":"error","message":"Error generating soil story: Failed to parse the generated soil story","service":"soil-song-api","timestamp":"2025-05-03 04:01:01"}
{"level":"error","message":"Error in generateStory controller: Failed to generate soil story: Failed to parse the generated soil story","service":"soil-song-api","timestamp":"2025-05-03 04:01:01"}
{"level":"error","message":"Error generating soil story: Non-200 response: 401 Unauthorized","service":"soil-song-api","timestamp":"2025-05-03 04:04:25"}
{"level":"error","message":"Error in generateStory controller: Failed to generate soil story: Non-200 response: 401 Unauthorized","service":"soil-song-api","timestamp":"2025-05-03 04:04:25"}
{"level":"error","message":"Error parsing the generated soil story JSON: Could not find valid JSON in the generated text","service":"soil-song-api","timestamp":"2025-05-03 04:12:59"}
{"level":"error","message":"Raw generated text: \n\n","service":"soil-song-api","timestamp":"2025-05-03 04:12:59"}
{"level":"error","message":"Error generating soil story: Failed to parse the generated soil story","service":"soil-song-api","timestamp":"2025-05-03 04:12:59"}
{"level":"error","message":"Error in generateStory controller: Failed to generate soil story: Failed to parse the generated soil story","service":"soil-song-api","timestamp":"2025-05-03 04:12:59"}
{"level":"error","message":"Error parsing the generated soil story JSON: Could not find valid JSON in the generated text","service":"soil-song-api","timestamp":"2025-05-03 04:18:19"}
{"level":"error","message":"Raw generated text: \n\n","service":"soil-song-api","timestamp":"2025-05-03 04:18:19"}
{"level":"error","message":"Error generating soil story: Failed to parse the generated soil story","service":"soil-song-api","timestamp":"2025-05-03 04:18:19"}
{"level":"error","message":"Error in generateStory controller: Failed to generate soil story: Failed to parse the generated soil story","service":"soil-song-api","timestamp":"2025-05-03 04:18:19"}
{"level":"error","message":"Error parsing the generated soil story JSON: Could not find valid JSON in the generated text","service":"soil-song-api","timestamp":"2025-05-03 04:18:40"}
{"level":"error","message":"Raw generated text: \n\n","service":"soil-song-api","timestamp":"2025-05-03 04:18:40"}
{"level":"error","message":"Error generating soil story: Failed to parse the generated soil story","service":"soil-song-api","timestamp":"2025-05-03 04:18:40"}
{"level":"error","message":"Error in generateStory controller: Failed to generate soil story: Failed to parse the generated soil story","service":"soil-song-api","timestamp":"2025-05-03 04:18:40"}
{"level":"error","message":"Error generating soil story: Empty response from IBM Granite API","service":"soil-song-api","timestamp":"2025-05-03 04:24:35"}
{"level":"error","message":"Error in generateStory controller: Failed to generate soil story: Empty response from IBM Granite API","service":"soil-song-api","timestamp":"2025-05-03 04:24:35"}
